<?xml version="1.0" encoding="UTF-8"?>
<!-- Generated by org.testng.reporters.JUnitReportReporter -->
<testsuite hostname="Ganesh-T" failures="0" tests="1" name="TestRunner.RunnerTest" time="21.981" errors="0" timestamp="2024-01-15T01:22:20 GMT-08:00" skipped="0">
  <testcase classname="TestRunner.RunnerTest" name="runScenario" time="21.981"/>
  <system-out/>
</testsuite> <!-- TestRunner.RunnerTest -->
