<?xml version="1.0" encoding="UTF-8"?>
<!-- Generated by org.testng.reporters.JUnitReportReporter -->
<testsuite hostname="Ganesh-T" failures="0" tests="1" name="TestRunner.RunnerTest" time="26.645" errors="0" timestamp="2024-01-15T08:51:22 GMT-08:00" skipped="0">
  <testcase classname="TestRunner.RunnerTest" name="runScenario" time="26.645"/>
  <system-out/>
</testsuite> <!-- TestRunner.RunnerTest -->
